# JRE version: Java(TM) SE Runtime Environment (17.0.8+9) (build 17.0.8+9-LTS-211)
# Java VM: Java HotSpot(TM) 64-Bit Server VM (17.0.8+9-LTS-211, mixed mode, sharing, tiered, compressed oops, compressed class ptrs, g1 gc, windows-amd64)
GC Precious Log:
 CPUs: 4 total, 4 available
 Memory: 16132M
 Large Page Support: Disabled
 NUMA Support: Disabled
 Compressed Oops: Enabled (32-bit)
 Heap Region Size: 1M
 Heap Min Capacity: 8M
 Heap Initial Capacity: 254M
 Heap Max Capacity: 2G
 Pre-touch: Disabled
 Parallel Workers: 4
 Concurrent Workers: 1
 Concurrent Refinement Workers: 4
 Periodic GC: Disabled
Heap:
 garbage-first heap   total 512000K, used 436600K [0x0000000080000000, 0x0000000100000000)
  region size 1024K, 80 young (81920K), 10 survivors (10240K)
 Metaspace       used 263408K, committed 265088K, reserved 1310720K
  class space    used 32942K, committed 33792K, reserved 1048576K
GC Heap History (20 events):
Event: 1173.679 GC heap before
{Heap before GC invocations=155 (full 0):
 garbage-first heap   total 512000K, used 449354K [0x0000000080000000, 0x0000000100000000)
  region size 1024K, 114 young (116736K), 7 survivors (7168K)
 Metaspace       used 262902K, committed 264576K, reserved 1310720K
  class space    used 32896K, committed 33728K, reserved 1048576K
}
Event: 1173.710 GC heap after
{Heap after GC invocations=156 (full 0):
 garbage-first heap   total 512000K, used 340119K [0x0000000080000000, 0x0000000100000000)
  region size 1024K, 8 young (8192K), 8 survivors (8192K)
 Metaspace       used 262902K, committed 264576K, reserved 1310720K
  class space    used 32896K, committed 33728K, reserved 1048576K
}
Event: 1176.693 GC heap before
{Heap before GC invocations=156 (full 0):
 garbage-first heap   total 512000K, used 450711K [0x0000000080000000, 0x0000000100000000)
  region size 1024K, 116 young (118784K), 8 survivors (8192K)
 Metaspace       used 262911K, committed 264576K, reserved 1310720K
  class space    used 32897K, committed 33728K, reserved 1048576K
}
Event: 1176.740 GC heap after
{Heap after GC invocations=157 (full 0):
 garbage-first heap   total 512000K, used 340491K [0x0000000080000000, 0x0000000100000000)
  region size 1024K, 8 young (8192K), 8 survivors (8192K)
 Metaspace       used 262911K, committed 264576K, reserved 1310720K
  class space    used 32897K, committed 33728K, reserved 1048576K
}
Event: 1184.366 GC heap before
{Heap before GC invocations=157 (full 0):
 garbage-first heap   total 512000K, used 452107K [0x0000000080000000, 0x0000000100000000)
  region size 1024K, 117 young (119808K), 8 survivors (8192K)
 Metaspace       used 262927K, committed 264576K, reserved 1310720K
  class space    used 32899K, committed 33728K, reserved 1048576K
}
Event: 1184.399 GC heap after
{Heap after GC invocations=158 (full 0):
 garbage-first heap   total 512000K, used 340490K [0x0000000080000000, 0x0000000100000000)
  region size 1024K, 8 young (8192K), 8 survivors (8192K)
 Metaspace       used 262927K, committed 264576K, reserved 1310720K
  class space    used 32899K, committed 33728K, reserved 1048576K
}
Event: 1198.524 GC heap before
{Heap before GC invocations=158 (full 0):
 garbage-first heap   total 512000K, used 452106K [0x0000000080000000, 0x0000000100000000)
  region size 1024K, 117 young (119808K), 8 survivors (8192K)
 Metaspace       used 262964K, committed 264576K, reserved 1310720K
  class space    used 32912K, committed 33728K, reserved 1048576K
}
Event: 1198.561 GC heap after
{Heap after GC invocations=159 (full 0):
 garbage-first heap   total 512000K, used 341538K [0x0000000080000000, 0x0000000100000000)
  region size 1024K, 9 young (9216K), 9 survivors (9216K)
 Metaspace       used 262964K, committed 264576K, reserved 1310720K
  class space    used 32912K, committed 33728K, reserved 1048576K
}
Event: 1200.915 GC heap before
{Heap before GC invocations=159 (full 0):
 garbage-first heap   total 512000K, used 451106K [0x0000000080000000, 0x0000000100000000)
  region size 1024K, 116 young (118784K), 9 survivors (9216K)
 Metaspace       used 262984K, committed 264640K, reserved 1310720K
  class space    used 32914K, committed 33728K, reserved 1048576K
}
Event: 1200.943 GC heap after
{Heap after GC invocations=160 (full 0):
 garbage-first heap   total 512000K, used 342012K [0x0000000080000000, 0x0000000100000000)
  region size 1024K, 6 young (6144K), 6 survivors (6144K)
 Metaspace       used 262984K, committed 264640K, reserved 1310720K
  class space    used 32914K, committed 33728K, reserved 1048576K
}
Event: 1202.728 GC heap before
{Heap before GC invocations=160 (full 0):
 garbage-first heap   total 512000K, used 453628K [0x0000000080000000, 0x0000000100000000)
  region size 1024K, 115 young (117760K), 6 survivors (6144K)
 Metaspace       used 263011K, committed 264640K, reserved 1310720K
  class space    used 32916K, committed 33728K, reserved 1048576K
}
Event: 1202.746 GC heap after
{Heap after GC invocations=161 (full 0):
 garbage-first heap   total 512000K, used 342155K [0x0000000080000000, 0x0000000100000000)
  region size 1024K, 6 young (6144K), 6 survivors (6144K)
 Metaspace       used 263011K, committed 264640K, reserved 1310720K
  class space    used 32916K, committed 33728K, reserved 1048576K
}
Event: 1204.278 GC heap before
{Heap before GC invocations=161 (full 0):
 garbage-first heap   total 512000K, used 453771K [0x0000000080000000, 0x0000000100000000)
  region size 1024K, 115 young (117760K), 6 survivors (6144K)
 Metaspace       used 263021K, committed 264640K, reserved 1310720K
  class space    used 32918K, committed 33728K, reserved 1048576K
}
Event: 1204.295 GC heap after
{Heap after GC invocations=162 (full 0):
 garbage-first heap   total 512000K, used 342126K [0x0000000080000000, 0x0000000100000000)
  region size 1024K, 6 young (6144K), 6 survivors (6144K)
 Metaspace       used 263021K, committed 264640K, reserved 1310720K
  class space    used 32918K, committed 33728K, reserved 1048576K
}
Event: 1206.062 GC heap before
{Heap before GC invocations=162 (full 0):
 garbage-first heap   total 512000K, used 453742K [0x0000000080000000, 0x0000000100000000)
  region size 1024K, 115 young (117760K), 6 survivors (6144K)
 Metaspace       used 263028K, committed 264640K, reserved 1310720K
  class space    used 32918K, committed 33728K, reserved 1048576K
}
Event: 1206.084 GC heap after
{Heap after GC invocations=163 (full 0):
 garbage-first heap   total 512000K, used 342627K [0x0000000080000000, 0x0000000100000000)
  region size 1024K, 6 young (6144K), 6 survivors (6144K)
 Metaspace       used 263028K, committed 264640K, reserved 1310720K
  class space    used 32918K, committed 33728K, reserved 1048576K
}
Event: 1207.302 GC heap before
{Heap before GC invocations=163 (full 0):
 garbage-first heap   total 512000K, used 454243K [0x0000000080000000, 0x0000000100000000)
  region size 1024K, 115 young (117760K), 6 survivors (6144K)
 Metaspace       used 263031K, committed 264640K, reserved 1310720K
  class space    used 32918K, committed 33728K, reserved 1048576K
}
Event: 1207.324 GC heap after
{Heap after GC invocations=164 (full 0):
 garbage-first heap   total 512000K, used 343187K [0x0000000080000000, 0x0000000100000000)
  region size 1024K, 7 young (7168K), 7 survivors (7168K)
 Metaspace       used 263031K, committed 264640K, reserved 1310720K
  class space    used 32918K, committed 33728K, reserved 1048576K
}
Event: 1208.681 GC heap before
{Heap before GC invocations=164 (full 0):
 garbage-first heap   total 512000K, used 452755K [0x0000000080000000, 0x0000000100000000)
  region size 1024K, 114 young (116736K), 7 survivors (7168K)
 Metaspace       used 263035K, committed 264640K, reserved 1310720K
  class space    used 32918K, committed 33728K, reserved 1048576K
}
Event: 1208.702 GC heap after
{Heap after GC invocations=165 (full 0):
 garbage-first heap   total 512000K, used 343330K [0x0000000080000000, 0x0000000100000000)
  region size 1024K, 6 young (6144K), 6 survivors (6144K)
 Metaspace       used 263035K, committed 264640K, reserved 1310720K
  class space    used 32918K, committed 33728K, reserved 1048576K
}

